<?xml version="1.0"?>
<component name="org.nuxeo.ecm.platform.retention.testConfigurationContrib">

  <extension target="org.nuxeo.ecm.platform.configuration.ConfigurationService"
    point="configuration">
    <configuration name="main" type="properties" file="${package.resource.dir}/test.properties" />
  </extension>

  <extension target="org.nuxeo.ecm.platform.configuration.ConfigurationService"
    point="configuration">
    <configuration name="retention" type="properties" file="${package.resource.dir}/retention.properties" />
  </extension>


</component>
